[Tue Jan 17 10:27:54.429052 2023] [ssl:info] [pid 16:tid 139949152641088] AH01883: Init: Initialized OpenSSL library
[Tue Jan 17 10:27:54.460106 2023] [ssl:info] [pid 16:tid 139949152641088] AH01883: Init: Initialized OpenSSL library
[Tue Jan 17 10:27:54.462029 2023] [mpm_event:notice] [pid 16:tid 139949152641088] AH00489: Apache/2.4.25 (Debian) OpenSSL/1.0.2u configured -- resuming normal operations
[Tue Jan 17 10:27:54.462088 2023] [core:notice] [pid 16:tid 139949152641088] AH00094: Command line: '/usr/sbin/apache2 -D FOREGROUND -e info'
[Thu Jan 19 07:07:23.685112 2023] [ssl:info] [pid 9:tid 140211396153408] AH01883: Init: Initialized OpenSSL library
[Thu Jan 19 07:07:23.710210 2023] [ssl:info] [pid 9:tid 140211396153408] AH01883: Init: Initialized OpenSSL library
[Thu Jan 19 07:07:23.710691 2023] [core:warn] [pid 9:tid 140211396153408] AH00098: pid file /var/run/apache2/apache2.pid overwritten -- Unclean shutdown of previous Apache run?
[Thu Jan 19 07:07:23.714061 2023] [mpm_event:notice] [pid 9:tid 140211396153408] AH00489: Apache/2.4.25 (Debian) OpenSSL/1.0.2u configured -- resuming normal operations
[Thu Jan 19 07:07:23.714114 2023] [core:notice] [pid 9:tid 140211396153408] AH00094: Command line: '/usr/sbin/apache2 -D FOREGROUND -e info'
[Thu Jan 19 07:10:12.757701 2023] [ssl:info] [pid 9:tid 140713303830592] AH01883: Init: Initialized OpenSSL library
[Thu Jan 19 07:10:12.772959 2023] [ssl:info] [pid 9:tid 140713303830592] AH01883: Init: Initialized OpenSSL library
[Thu Jan 19 07:10:12.773300 2023] [core:warn] [pid 9:tid 140713303830592] AH00098: pid file /var/run/apache2/apache2.pid overwritten -- Unclean shutdown of previous Apache run?
[Thu Jan 19 07:10:12.774580 2023] [mpm_event:notice] [pid 9:tid 140713303830592] AH00489: Apache/2.4.25 (Debian) OpenSSL/1.0.2u configured -- resuming normal operations
[Thu Jan 19 07:10:12.774660 2023] [core:notice] [pid 9:tid 140713303830592] AH00094: Command line: '/usr/sbin/apache2 -D FOREGROUND -e info'
[Thu Jan 19 07:23:39.211341 2023] [ssl:info] [pid 16:tid 140311934263360] AH01883: Init: Initialized OpenSSL library
[Thu Jan 19 07:23:39.230051 2023] [ssl:info] [pid 16:tid 140311934263360] AH01883: Init: Initialized OpenSSL library
[Thu Jan 19 07:23:39.232754 2023] [mpm_event:notice] [pid 16:tid 140311934263360] AH00489: Apache/2.4.25 (Debian) OpenSSL/1.0.2u configured -- resuming normal operations
[Thu Jan 19 07:23:39.232840 2023] [core:notice] [pid 16:tid 140311934263360] AH00094: Command line: '/usr/sbin/apache2 -D FOREGROUND -e info'
[Thu Jan 19 07:37:37.869599 2023] [ssl:info] [pid 9:tid 140117042339904] AH01883: Init: Initialized OpenSSL library
[Thu Jan 19 07:37:37.887224 2023] [ssl:info] [pid 9:tid 140117042339904] AH01883: Init: Initialized OpenSSL library
[Thu Jan 19 07:37:37.887583 2023] [core:warn] [pid 9:tid 140117042339904] AH00098: pid file /var/run/apache2/apache2.pid overwritten -- Unclean shutdown of previous Apache run?
[Thu Jan 19 07:37:37.889778 2023] [mpm_event:notice] [pid 9:tid 140117042339904] AH00489: Apache/2.4.25 (Debian) OpenSSL/1.0.2u configured -- resuming normal operations
[Thu Jan 19 07:37:37.889887 2023] [core:notice] [pid 9:tid 140117042339904] AH00094: Command line: '/usr/sbin/apache2 -D FOREGROUND -e info'
[Thu Jan 19 08:29:15.472949 2023] [ssl:info] [pid 16:tid 140651729236032] AH01883: Init: Initialized OpenSSL library
[Thu Jan 19 08:29:15.481001 2023] [ssl:info] [pid 16:tid 140651729236032] AH01883: Init: Initialized OpenSSL library
[Thu Jan 19 08:29:15.481838 2023] [mpm_event:notice] [pid 16:tid 140651729236032] AH00489: Apache/2.4.25 (Debian) OpenSSL/1.0.2u configured -- resuming normal operations
[Thu Jan 19 08:29:15.481884 2023] [core:notice] [pid 16:tid 140651729236032] AH00094: Command line: '/usr/sbin/apache2 -D FOREGROUND -e info'
[Thu Jan 19 12:28:53.778682 2023] [ssl:info] [pid 10:tid 139628403384384] AH01883: Init: Initialized OpenSSL library
[Thu Jan 19 12:28:53.797409 2023] [ssl:info] [pid 10:tid 139628403384384] AH01883: Init: Initialized OpenSSL library
[Thu Jan 19 12:28:53.809130 2023] [core:warn] [pid 10:tid 139628403384384] AH00098: pid file /var/run/apache2/apache2.pid overwritten -- Unclean shutdown of previous Apache run?
[Thu Jan 19 12:28:53.811214 2023] [mpm_event:notice] [pid 10:tid 139628403384384] AH00489: Apache/2.4.25 (Debian) OpenSSL/1.0.2u configured -- resuming normal operations
[Thu Jan 19 12:28:53.811317 2023] [core:notice] [pid 10:tid 139628403384384] AH00094: Command line: '/usr/sbin/apache2 -D FOREGROUND -e info'
[Thu Jan 19 12:37:07.345051 2023] [ssl:info] [pid 9:tid 139775878479936] AH01883: Init: Initialized OpenSSL library
[Thu Jan 19 12:37:07.354702 2023] [ssl:info] [pid 9:tid 139775878479936] AH01883: Init: Initialized OpenSSL library
[Thu Jan 19 12:37:07.354878 2023] [core:warn] [pid 9:tid 139775878479936] AH00098: pid file /var/run/apache2/apache2.pid overwritten -- Unclean shutdown of previous Apache run?
[Thu Jan 19 12:37:07.355637 2023] [mpm_event:notice] [pid 9:tid 139775878479936] AH00489: Apache/2.4.25 (Debian) OpenSSL/1.0.2u configured -- resuming normal operations
[Thu Jan 19 12:37:07.355695 2023] [core:notice] [pid 9:tid 139775878479936] AH00094: Command line: '/usr/sbin/apache2 -D FOREGROUND -e info'
[Thu Jan 19 12:48:33.237012 2023] [ssl:info] [pid 16:tid 139718176735296] AH01883: Init: Initialized OpenSSL library
[Thu Jan 19 12:48:33.254145 2023] [ssl:info] [pid 16:tid 139718176735296] AH01883: Init: Initialized OpenSSL library
[Thu Jan 19 12:48:33.255335 2023] [mpm_event:notice] [pid 16:tid 139718176735296] AH00489: Apache/2.4.25 (Debian) OpenSSL/1.0.2u configured -- resuming normal operations
[Thu Jan 19 12:48:33.255371 2023] [core:notice] [pid 16:tid 139718176735296] AH00094: Command line: '/usr/sbin/apache2 -D FOREGROUND -e info'
[Thu Jan 19 12:52:46.571941 2023] [ssl:info] [pid 16:tid 140682621296704] AH01883: Init: Initialized OpenSSL library
[Thu Jan 19 12:52:46.607534 2023] [ssl:info] [pid 16:tid 140682621296704] AH01883: Init: Initialized OpenSSL library
[Thu Jan 19 12:52:46.610534 2023] [mpm_event:notice] [pid 16:tid 140682621296704] AH00489: Apache/2.4.25 (Debian) OpenSSL/1.0.2u configured -- resuming normal operations
[Thu Jan 19 12:52:46.610760 2023] [core:notice] [pid 16:tid 140682621296704] AH00094: Command line: '/usr/sbin/apache2 -D FOREGROUND -e info'
[Thu Jan 19 12:54:32.850882 2023] [ssl:info] [pid 16:tid 140088547381312] AH01883: Init: Initialized OpenSSL library
[Thu Jan 19 12:54:32.862933 2023] [ssl:info] [pid 16:tid 140088547381312] AH01883: Init: Initialized OpenSSL library
[Thu Jan 19 12:54:32.864121 2023] [mpm_event:notice] [pid 16:tid 140088547381312] AH00489: Apache/2.4.25 (Debian) OpenSSL/1.0.2u configured -- resuming normal operations
[Thu Jan 19 12:54:32.864205 2023] [core:notice] [pid 16:tid 140088547381312] AH00094: Command line: '/usr/sbin/apache2 -D FOREGROUND -e info'
[Thu Jan 19 12:56:03.248256 2023] [ssl:info] [pid 16:tid 139626639503424] AH01883: Init: Initialized OpenSSL library
[Thu Jan 19 12:56:03.263459 2023] [ssl:info] [pid 16:tid 139626639503424] AH01883: Init: Initialized OpenSSL library
[Thu Jan 19 12:56:03.264991 2023] [mpm_event:notice] [pid 16:tid 139626639503424] AH00489: Apache/2.4.25 (Debian) OpenSSL/1.0.2u configured -- resuming normal operations
[Thu Jan 19 12:56:03.265035 2023] [core:notice] [pid 16:tid 139626639503424] AH00094: Command line: '/usr/sbin/apache2 -D FOREGROUND -e info'
[Thu Jan 19 12:59:55.367901 2023] [ssl:info] [pid 16:tid 140554432458816] AH01883: Init: Initialized OpenSSL library
[Thu Jan 19 12:59:55.407167 2023] [ssl:info] [pid 16:tid 140554432458816] AH01883: Init: Initialized OpenSSL library
[Thu Jan 19 12:59:55.410279 2023] [mpm_event:notice] [pid 16:tid 140554432458816] AH00489: Apache/2.4.25 (Debian) OpenSSL/1.0.2u configured -- resuming normal operations
[Thu Jan 19 12:59:55.410409 2023] [core:notice] [pid 16:tid 140554432458816] AH00094: Command line: '/usr/sbin/apache2 -D FOREGROUND -e info'
[Thu Jan 19 13:02:02.526604 2023] [ssl:info] [pid 16:tid 140314385555520] AH01883: Init: Initialized OpenSSL library
[Thu Jan 19 13:02:02.538660 2023] [ssl:info] [pid 16:tid 140314385555520] AH01883: Init: Initialized OpenSSL library
[Thu Jan 19 13:02:02.539890 2023] [mpm_event:notice] [pid 16:tid 140314385555520] AH00489: Apache/2.4.25 (Debian) OpenSSL/1.0.2u configured -- resuming normal operations
[Thu Jan 19 13:02:02.539935 2023] [core:notice] [pid 16:tid 140314385555520] AH00094: Command line: '/usr/sbin/apache2 -D FOREGROUND -e info'
[Thu Jan 19 17:27:13.822800 2023] [ssl:info] [pid 17:tid 140221421105216] AH01883: Init: Initialized OpenSSL library
[Thu Jan 19 17:27:13.852698 2023] [ssl:info] [pid 17:tid 140221421105216] AH01883: Init: Initialized OpenSSL library
[Thu Jan 19 17:27:13.854497 2023] [mpm_event:notice] [pid 17:tid 140221421105216] AH00489: Apache/2.4.25 (Debian) OpenSSL/1.0.2u configured -- resuming normal operations
[Thu Jan 19 17:27:13.854635 2023] [core:notice] [pid 17:tid 140221421105216] AH00094: Command line: '/usr/sbin/apache2 -D FOREGROUND -e info'
[Thu Jan 19 17:31:39.850089 2023] [ssl:info] [pid 16:tid 140580768702528] AH01883: Init: Initialized OpenSSL library
[Thu Jan 19 17:31:39.873368 2023] [ssl:info] [pid 16:tid 140580768702528] AH01883: Init: Initialized OpenSSL library
[Thu Jan 19 17:31:39.875343 2023] [mpm_event:notice] [pid 16:tid 140580768702528] AH00489: Apache/2.4.25 (Debian) OpenSSL/1.0.2u configured -- resuming normal operations
[Thu Jan 19 17:31:39.875408 2023] [core:notice] [pid 16:tid 140580768702528] AH00094: Command line: '/usr/sbin/apache2 -D FOREGROUND -e info'
[Thu Jan 19 17:33:56.161679 2023] [ssl:info] [pid 16:tid 140064826253376] AH01883: Init: Initialized OpenSSL library
[Thu Jan 19 17:33:56.182336 2023] [ssl:info] [pid 16:tid 140064826253376] AH01883: Init: Initialized OpenSSL library
[Thu Jan 19 17:33:56.183949 2023] [mpm_event:notice] [pid 16:tid 140064826253376] AH00489: Apache/2.4.25 (Debian) OpenSSL/1.0.2u configured -- resuming normal operations
[Thu Jan 19 17:33:56.184192 2023] [core:notice] [pid 16:tid 140064826253376] AH00094: Command line: '/usr/sbin/apache2 -D FOREGROUND -e info'
[Tue Jan 24 07:13:54.456586 2023] [ssl:info] [pid 9:tid 139767569649728] AH01883: Init: Initialized OpenSSL library
[Tue Jan 24 07:13:54.467088 2023] [ssl:info] [pid 9:tid 139767569649728] AH01883: Init: Initialized OpenSSL library
[Tue Jan 24 07:13:54.467224 2023] [core:warn] [pid 9:tid 139767569649728] AH00098: pid file /var/run/apache2/apache2.pid overwritten -- Unclean shutdown of previous Apache run?
[Tue Jan 24 07:13:54.467902 2023] [mpm_event:notice] [pid 9:tid 139767569649728] AH00489: Apache/2.4.25 (Debian) OpenSSL/1.0.2u configured -- resuming normal operations
[Tue Jan 24 07:13:54.467925 2023] [core:notice] [pid 9:tid 139767569649728] AH00094: Command line: '/usr/sbin/apache2 -D FOREGROUND -e info'
[Wed Jan 25 15:38:19.068561 2023] [ssl:info] [pid 9:tid 139758434246720] AH01883: Init: Initialized OpenSSL library
[Wed Jan 25 15:38:19.082562 2023] [ssl:info] [pid 9:tid 139758434246720] AH01883: Init: Initialized OpenSSL library
[Wed Jan 25 15:38:19.082785 2023] [core:warn] [pid 9:tid 139758434246720] AH00098: pid file /var/run/apache2/apache2.pid overwritten -- Unclean shutdown of previous Apache run?
[Wed Jan 25 15:38:19.083763 2023] [mpm_event:notice] [pid 9:tid 139758434246720] AH00489: Apache/2.4.25 (Debian) OpenSSL/1.0.2u configured -- resuming normal operations
[Wed Jan 25 15:38:19.083810 2023] [core:notice] [pid 9:tid 139758434246720] AH00094: Command line: '/usr/sbin/apache2 -D FOREGROUND -e info'
[Wed Jan 25 16:09:43.533778 2023] [ssl:info] [pid 16:tid 139931892736064] AH01883: Init: Initialized OpenSSL library
[Wed Jan 25 16:09:43.545281 2023] [ssl:info] [pid 16:tid 139931892736064] AH01883: Init: Initialized OpenSSL library
[Wed Jan 25 16:09:43.547240 2023] [mpm_event:notice] [pid 16:tid 139931892736064] AH00489: Apache/2.4.25 (Debian) OpenSSL/1.0.2u configured -- resuming normal operations
[Wed Jan 25 16:09:43.547288 2023] [core:notice] [pid 16:tid 139931892736064] AH00094: Command line: '/usr/sbin/apache2 -D FOREGROUND -e info'
[Wed Jan 25 16:14:28.396927 2023] [ssl:info] [pid 9:tid 139715974266944] AH01883: Init: Initialized OpenSSL library
[Wed Jan 25 16:14:28.404324 2023] [ssl:info] [pid 9:tid 139715974266944] AH01883: Init: Initialized OpenSSL library
[Wed Jan 25 16:14:28.404465 2023] [core:warn] [pid 9:tid 139715974266944] AH00098: pid file /var/run/apache2/apache2.pid overwritten -- Unclean shutdown of previous Apache run?
[Wed Jan 25 16:14:28.405277 2023] [mpm_event:notice] [pid 9:tid 139715974266944] AH00489: Apache/2.4.25 (Debian) OpenSSL/1.0.2u configured -- resuming normal operations
[Wed Jan 25 16:14:28.405309 2023] [core:notice] [pid 9:tid 139715974266944] AH00094: Command line: '/usr/sbin/apache2 -D FOREGROUND -e info'
[Wed Jan 25 16:21:11.049446 2023] [ssl:info] [pid 9:tid 140717266088000] AH01883: Init: Initialized OpenSSL library
[Wed Jan 25 16:21:11.060269 2023] [ssl:info] [pid 9:tid 140717266088000] AH01883: Init: Initialized OpenSSL library
[Wed Jan 25 16:21:11.060456 2023] [core:warn] [pid 9:tid 140717266088000] AH00098: pid file /var/run/apache2/apache2.pid overwritten -- Unclean shutdown of previous Apache run?
[Wed Jan 25 16:21:11.061245 2023] [mpm_event:notice] [pid 9:tid 140717266088000] AH00489: Apache/2.4.25 (Debian) OpenSSL/1.0.2u configured -- resuming normal operations
[Wed Jan 25 16:21:11.061294 2023] [core:notice] [pid 9:tid 140717266088000] AH00094: Command line: '/usr/sbin/apache2 -D FOREGROUND -e info'
[Thu Jan 26 07:07:14.607559 2023] [ssl:info] [pid 9:tid 140158667231296] AH01883: Init: Initialized OpenSSL library
[Thu Jan 26 07:07:14.618988 2023] [ssl:info] [pid 9:tid 140158667231296] AH01883: Init: Initialized OpenSSL library
[Thu Jan 26 07:07:14.619186 2023] [core:warn] [pid 9:tid 140158667231296] AH00098: pid file /var/run/apache2/apache2.pid overwritten -- Unclean shutdown of previous Apache run?
[Thu Jan 26 07:07:14.620615 2023] [mpm_event:notice] [pid 9:tid 140158667231296] AH00489: Apache/2.4.25 (Debian) OpenSSL/1.0.2u configured -- resuming normal operations
[Thu Jan 26 07:07:14.620659 2023] [core:notice] [pid 9:tid 140158667231296] AH00094: Command line: '/usr/sbin/apache2 -D FOREGROUND -e info'
[Thu Jan 26 16:51:53.658861 2023] [ssl:info] [pid 9:tid 140596327034944] AH01883: Init: Initialized OpenSSL library
[Thu Jan 26 16:51:53.681392 2023] [ssl:info] [pid 9:tid 140596327034944] AH01883: Init: Initialized OpenSSL library
[Thu Jan 26 16:51:53.681905 2023] [core:warn] [pid 9:tid 140596327034944] AH00098: pid file /var/run/apache2/apache2.pid overwritten -- Unclean shutdown of previous Apache run?
[Thu Jan 26 16:51:53.683497 2023] [mpm_event:notice] [pid 9:tid 140596327034944] AH00489: Apache/2.4.25 (Debian) OpenSSL/1.0.2u configured -- resuming normal operations
[Thu Jan 26 16:51:53.683603 2023] [core:notice] [pid 9:tid 140596327034944] AH00094: Command line: '/usr/sbin/apache2 -D FOREGROUND -e info'
[Thu Jan 26 18:00:53.766793 2023] [ssl:info] [pid 9:tid 139879724908608] AH01883: Init: Initialized OpenSSL library
[Thu Jan 26 18:00:53.798876 2023] [ssl:info] [pid 9:tid 139879724908608] AH01883: Init: Initialized OpenSSL library
[Thu Jan 26 18:00:53.799440 2023] [core:warn] [pid 9:tid 139879724908608] AH00098: pid file /var/run/apache2/apache2.pid overwritten -- Unclean shutdown of previous Apache run?
[Thu Jan 26 18:00:53.801925 2023] [mpm_event:notice] [pid 9:tid 139879724908608] AH00489: Apache/2.4.25 (Debian) OpenSSL/1.0.2u configured -- resuming normal operations
[Thu Jan 26 18:00:53.802070 2023] [core:notice] [pid 9:tid 139879724908608] AH00094: Command line: '/usr/sbin/apache2 -D FOREGROUND -e info'
[Thu Jan 26 18:01:51.315097 2023] [ssl:info] [pid 16:tid 140208401068096] AH01883: Init: Initialized OpenSSL library
[Thu Jan 26 18:01:51.340491 2023] [ssl:info] [pid 16:tid 140208401068096] AH01883: Init: Initialized OpenSSL library
[Thu Jan 26 18:01:51.342477 2023] [mpm_event:notice] [pid 16:tid 140208401068096] AH00489: Apache/2.4.25 (Debian) OpenSSL/1.0.2u configured -- resuming normal operations
[Thu Jan 26 18:01:51.342528 2023] [core:notice] [pid 16:tid 140208401068096] AH00094: Command line: '/usr/sbin/apache2 -D FOREGROUND -e info'
[Thu Jan 26 18:04:17.041471 2023] [ssl:info] [pid 9:tid 140244774383680] AH01883: Init: Initialized OpenSSL library
[Thu Jan 26 18:04:17.055254 2023] [ssl:info] [pid 9:tid 140244774383680] AH01883: Init: Initialized OpenSSL library
[Thu Jan 26 18:04:17.055595 2023] [core:warn] [pid 9:tid 140244774383680] AH00098: pid file /var/run/apache2/apache2.pid overwritten -- Unclean shutdown of previous Apache run?
[Thu Jan 26 18:04:17.057005 2023] [mpm_event:notice] [pid 9:tid 140244774383680] AH00489: Apache/2.4.25 (Debian) OpenSSL/1.0.2u configured -- resuming normal operations
[Thu Jan 26 18:04:17.057085 2023] [core:notice] [pid 9:tid 140244774383680] AH00094: Command line: '/usr/sbin/apache2 -D FOREGROUND -e info'
[Sat Jan 28 20:49:20.709111 2023] [ssl:info] [pid 9:tid 139734389116992] AH01883: Init: Initialized OpenSSL library
[Sat Jan 28 20:49:20.720294 2023] [ssl:info] [pid 9:tid 139734389116992] AH01883: Init: Initialized OpenSSL library
[Sat Jan 28 20:49:20.720483 2023] [core:warn] [pid 9:tid 139734389116992] AH00098: pid file /var/run/apache2/apache2.pid overwritten -- Unclean shutdown of previous Apache run?
[Sat Jan 28 20:49:20.721242 2023] [mpm_event:notice] [pid 9:tid 139734389116992] AH00489: Apache/2.4.25 (Debian) OpenSSL/1.0.2u configured -- resuming normal operations
[Sat Jan 28 20:49:20.721269 2023] [core:notice] [pid 9:tid 139734389116992] AH00094: Command line: '/usr/sbin/apache2 -D FOREGROUND -e info'
